Output pentru problema "BFS": 1 0 2 -1 1 
Output-ul pentru problema "DFS": 3
Outputul pentru problema "Componente tare conexe" este:
2
1 3 2 
6 7 8 5 4 
Output-ul pentru "Havel-Hakimi": Da
Output-ul pentru problema "Sortare topologica" este: 1 3 5 9 4 8 7 6 2 
Output-ul pentru problema "Componente biconexe" este:
4
4 3 2 1 
8 7 
7 6 5 
5 1 
Output-ul pentru problema "Critical Connections in a Network": 1 3 
Output-ul pentru problema "Arbore partial de cost minim" este:
37
8
3 1
7 9
7 3
9 8
7 4
2 1
5 2
7 6
Output-ul pentru problema "Paduri de multimi disjuncte" este:
NU
DA
DA
Output-ul pentru problema "Algoritmul lui Dijkstra" este: 1 3 2 5 
Output-ul pentru problema "Algoritmul Bellman-Ford" este: -5 -3 4 7 
Output-ul pentru problema "Diametrul unui arbore" este: 8
Output-ul pentru problema "Floyd-Washall/Roy-Floyd" este:
0 3 4 5 3 
5 0 1 4 2 
6 6 0 4 5 
2 5 2 0 5 
4 7 3 2 0 
Output-ul pentru problema "Flux maxim" este: 8
Output-ul pentru problema "Ciclu hamiltonian de cost minim" este: 26
Output-ul pentru problema "Cuplaj maxim in graf bipartit" este:
4
1 1
2 3
3 2
5 4
Output-ul pentru problema "Ciclu Eulerian" este: 1 2 2 3 4 3 